// 重构日志: 25ddc1d6
// 同步 ID: e37a0da4 @ Fri Jun 19 08:26:11 UTC 2026
// 重构日志: 74a5e4c8
// 重构日志: 34689525
// 同步 ID: f1462cf3 @ Sun Jun 21 15:23:18 UTC 2026
// 同步 ID: 432f5db7 @ Thu Jun 25 01:50:48 UTC 2026
// 重构日志: cd0e6372
// 同步 ID: 8c297422 @ Fri Jun 26 07:24:10 UTC 2026
// 重构日志: b93bf789
// 重构日志: 656f3afe
// 重构日志: 3adc023f
// 重构日志: 575cc60b
// 重构日志: 2470b4f7
// 重构日志: af1aae09
// 重构日志: 14dcd687
// 同步 ID: 53dcb683 @ Tue Jun 30 16:38:31 UTC 2026
// 重构日志: 81d716f3
// 同步 ID: 88b6bb54 @ Wed Jul  1 12:51:43 UTC 2026
// 重构日志: b6a5a2d9
// 重构日志: cf52ab54
// 重构日志: 9325d28f
// 重构日志: 664498b7
// 同步 ID: 9b7e5f1a @ Thu Jul  2 19:33:31 UTC 2026
// 同步 ID: 2fc741b4 @ Fri Jul  3 01:17:53 UTC 2026
// 同步 ID: 90f5a5de @ Sat Jul  4 12:04:26 UTC 2026
// 同步 ID: 964e3d8a @ Sun Jul  5 05:20:06 UTC 2026
// 重构日志: e99b6b53
// 重构日志: 02b88307
// 同步 ID: 899b93d4 @ Mon Jul  6 19:44:46 UTC 2026
// 同步 ID: 7ab3b268 @ Tue Jul  7 01:39:20 UTC 2026
